{"contracts\\attackerContract.sol":{"l":{"15":2,"23":2,"24":2,"25":2,"26":2,"27":2,"31":2,"35":2,"39":2,"43":2,"44":2,"48":4,"49":4,"50":2,"51":1},"path":"D:\\University of Moratuwa\\semester5\\SEM 5 online\\Software Engineering Project\\NFT_Marketplace\\smartcontracts\\contracts\\attackerContract.sol","s":{"1":2,"2":2,"3":2},"b":{"1":[2,2],"2":[1,1]},"f":{"1":2,"2":2,"3":2,"4":2,"5":2,"6":2},"fnMap":{"1":{"name":"setAuctionContract","line":14,"loc":{"start":{"line":14,"column":4},"end":{"line":16,"column":4}}},"2":{"name":"bidOnAuction","line":18,"loc":{"start":{"line":18,"column":4},"end":{"line":28,"column":4}}},"3":{"name":"setRequire","line":30,"loc":{"start":{"line":30,"column":4},"end":{"line":32,"column":4}}},"4":{"name":"withdraw","line":34,"loc":{"start":{"line":34,"column":4},"end":{"line":36,"column":4}}},"5":{"name":"deposit","line":38,"loc":{"start":{"line":38,"column":4},"end":{"line":40,"column":4}}},"6":{"name":"withdrawFailed","line":42,"loc":{"start":{"line":42,"column":4},"end":{"line":45,"column":4}}}},"statementMap":{"1":{"start":{"line":23,"column":8},"end":{"line":23,"column":70}},"2":{"start":{"line":35,"column":8},"end":{"line":35,"column":43}},"3":{"start":{"line":44,"column":8},"end":{"line":44,"column":41}}},"branchMap":{"1":{"line":49,"type":"if","locations":[{"start":{"line":49,"column":8},"end":{"line":49,"column":8}},{"start":{"line":49,"column":8},"end":{"line":49,"column":8}}]},"2":{"line":50,"type":"if","locations":[{"start":{"line":50,"column":8},"end":{"line":50,"column":8}},{"start":{"line":50,"column":8},"end":{"line":50,"column":8}}]}}},"contracts\\ERC20MockContract.sol":{"l":{"13":140},"path":"D:\\University of Moratuwa\\semester5\\SEM 5 online\\Software Engineering Project\\NFT_Marketplace\\smartcontracts\\contracts\\ERC20MockContract.sol","s":{"1":140},"b":{},"f":{"1":222,"2":140},"fnMap":{"1":{"name":"constructor","line":9,"loc":{"start":{"line":8,"column":4},"end":{"line":10,"column":5}}},"2":{"name":"mint","line":12,"loc":{"start":{"line":12,"column":4},"end":{"line":14,"column":4}}}},"statementMap":{"1":{"start":{"line":13,"column":8},"end":{"line":13,"column":24}}},"branchMap":{}},"contracts\\ERC721MockContract.sol":{"l":{"12":134},"path":"D:\\University of Moratuwa\\semester5\\SEM 5 online\\Software Engineering Project\\NFT_Marketplace\\smartcontracts\\contracts\\ERC721MockContract.sol","s":{"1":134},"b":{},"f":{"1":402,"2":134},"fnMap":{"1":{"name":"constructor","line":8,"loc":{"start":{"line":7,"column":4},"end":{"line":9,"column":5}}},"2":{"name":"mint","line":11,"loc":{"start":{"line":11,"column":4},"end":{"line":13,"column":4}}}},"statementMap":{"1":{"start":{"line":12,"column":8},"end":{"line":12,"column":25}}},"branchMap":{}},"contracts\\NFTAuction.sol":{"l":{"140":131,"146":130,"150":2,"155":1,"157":129,"161":125,"165":123,"169":141,"170":138,"179":103,"185":99,"189":116,"194":114,"197":34,"202":28,"213":108,"221":105,"228":121,"235":116,"239":23,"243":19,"256":114,"265":108,"269":13,"273":7,"277":14,"278":12,"282":58,"286":56,"290":121,"291":121,"292":11,"294":121,"295":120,"302":122,"306":121,"310":11,"314":8,"325":402,"326":402,"327":402,"328":402,"339":138,"344":138,"358":37,"370":201,"372":201,"386":199,"388":199,"404":108,"407":108,"411":20,"414":88,"420":88,"433":18,"443":126,"456":5,"465":4,"484":114,"487":114,"488":36,"493":78,"505":296,"516":109,"537":175,"541":175,"542":60,"544":115,"553":137,"557":137,"558":43,"560":94,"572":33,"576":33,"577":28,"581":5,"599":79,"601":79,"602":49,"607":48,"612":30,"655":87,"656":34,"659":87,"661":87,"663":87,"665":87,"666":87,"680":91,"689":87,"701":87,"721":35,"748":56,"750":56,"752":56,"796":33,"797":9,"800":33,"802":33,"804":33,"806":33,"808":33,"826":33,"836":33,"847":33,"848":5,"856":3,"857":2,"861":2,"864":2,"906":105,"911":105,"919":105,"933":104,"949":12,"951":12,"973":192,"974":20,"975":20,"976":20,"979":172,"980":51,"981":48,"989":50,"992":50,"1017":37,"1018":37,"1019":37,"1020":37,"1021":37,"1023":37,"1026":37,"1028":37,"1040":42,"1042":42,"1043":42,"1066":105,"1069":105,"1070":30,"1075":30,"1078":75,"1081":105,"1089":2,"1093":2,"1096":2,"1098":2,"1106":105,"1110":105,"1113":105,"1115":105,"1116":28,"1139":33,"1141":33,"1144":33,"1145":33,"1148":33,"1150":33,"1156":33,"1162":33,"1163":33,"1179":33,"1180":33,"1188":7,"1193":7,"1194":7,"1202":33,"1216":77,"1219":77,"1220":18,"1223":59,"1228":59,"1229":2,"1250":7,"1251":7,"1258":5,"1262":3,"1263":3,"1270":8,"1273":8,"1275":5,"1278":5,"1280":5,"1282":5,"1300":7,"1301":5,"1304":5,"1307":5,"1310":5,"1314":2,"1316":2,"1324":5,"1346":6,"1349":6,"1351":6,"1352":2,"1353":2,"1370":4,"1372":4,"1373":4,"1374":2,"1375":2,"1386":4,"1390":2,"1391":2,"1392":2,"1403":2,"1405":2,"1407":1,"1414":3,"1416":3,"1418":2,"1420":2,"1424":2},"path":"D:\\University of Moratuwa\\semester5\\SEM 5 online\\Software Engineering Project\\NFT_Marketplace\\smartcontracts\\contracts\\NFTAuction.sol","s":{"1":131,"2":130,"3":2,"4":1,"5":125,"6":141,"7":103,"8":116,"9":34,"10":108,"11":121,"12":23,"13":114,"14":13,"15":14,"16":58,"17":121,"18":121,"19":121,"20":122,"21":11,"22":138,"23":138,"24":37,"25":201,"26":201,"27":199,"28":199,"29":108,"30":108,"31":20,"32":88,"33":88,"34":18,"35":126,"36":5,"37":4,"38":114,"39":114,"40":36,"41":78,"42":296,"43":109,"44":175,"45":175,"46":60,"47":115,"48":137,"49":137,"50":43,"51":94,"52":33,"53":33,"54":28,"55":5,"56":79,"57":79,"58":49,"59":48,"60":30,"61":87,"62":91,"63":87,"64":87,"65":35,"66":56,"67":33,"68":33,"69":33,"70":33,"71":5,"72":3,"73":2,"74":2,"75":2,"76":105,"77":105,"78":105,"79":104,"80":12,"81":192,"82":20,"83":20,"84":20,"85":172,"86":51,"87":48,"88":50,"89":105,"90":105,"91":30,"92":2,"93":2,"94":2,"95":2,"96":105,"97":105,"98":105,"99":105,"100":28,"101":33,"102":33,"103":33,"104":33,"105":33,"106":33,"107":33,"108":33,"109":33,"110":33,"111":33,"112":7,"113":7,"114":33,"115":77,"116":77,"117":18,"118":59,"119":59,"120":7,"121":7,"122":5,"123":3,"124":3,"125":8,"126":8,"127":5,"128":5,"129":5,"130":5,"131":7,"132":5,"133":5,"134":5,"135":2,"136":2,"137":5,"138":6,"139":6,"140":2,"141":2,"142":4,"143":4,"144":2,"145":2,"146":4,"147":2,"148":2,"149":2,"150":2,"151":2,"152":1,"153":3,"154":3,"155":2,"156":2},"b":{"1":[130,1],"2":[2,128],"3":[1,1],"4":[123,2],"5":[138,3],"6":[99,4],"7":[1,98],"8":[114,2],"9":[28,6],"10":[105,3],"11":[116,5],"12":[102,14],"13":[19,4],"14":[108,6],"15":[7,6],"16":[12,2],"17":[56,2],"18":[120,1],"19":[121,1],"20":[8,3],"21":[95,34],"22":[20,88],"23":[14,6],"24":[79,6],"25":[1,2],"26":[36,78],"27":[60,115],"28":[43,94],"29":[28,5],"30":[49,30],"31":[48,0],"32":[28,2],"33":[89,2],"34":[88,1],"35":[87,1],"36":[34,53],"37":[35,2],"38":[35,0],"39":[61,0],"40":[58,3],"41":[56,2],"42":[33,0],"43":[33,0],"44":[9,24],"45":[33,0],"46":[33,0],"47":[5,28],"48":[3,2],"49":[2,1],"50":[114,2],"51":[108,6],"52":[105,3],"53":[109,0],"54":[104,5],"55":[14,2],"56":[12,2],"57":[12,0],"58":[20,172],"59":[51,121],"60":[30,75],"61":[28,77],"62":[18,59],"63":[2,57],"64":[7,6],"65":[3,2],"66":[8,2],"67":[5,3],"68":[7,3],"69":[5,2],"70":[2,3],"71":[13,3],"72":[11,2],"73":[8,3],"74":[8,0],"75":[6,2],"76":[2,4],"77":[4,0],"78":[4,0],"79":[4,0],"80":[2,2],"81":[4,0],"82":[2,2],"83":[1,1],"84":[2,1],"85":[1,1]},"f":{"1":131,"2":125,"3":141,"4":103,"5":116,"6":34,"7":108,"8":121,"9":23,"10":114,"11":13,"12":14,"13":58,"14":121,"15":122,"16":11,"17":402,"18":138,"19":37,"20":201,"21":199,"22":108,"23":18,"24":126,"25":5,"26":4,"27":114,"28":296,"29":109,"30":175,"31":137,"32":33,"33":79,"34":87,"35":91,"36":35,"37":56,"38":33,"39":33,"40":105,"41":104,"42":12,"43":192,"44":50,"45":37,"46":42,"47":105,"48":2,"49":105,"50":33,"51":33,"52":77,"53":7,"54":5,"55":8,"56":7,"57":6,"58":4,"59":4,"60":2,"61":3},"fnMap":{"1":{"name":"isAuctionNotStartedByOwner","line":136,"loc":{"start":{"line":136,"column":4},"end":{"line":158,"column":4}}},"2":{"name":"auctionOngoing","line":160,"loc":{"start":{"line":160,"column":4},"end":{"line":166,"column":4}}},"3":{"name":"priceGreaterThanZero","line":168,"loc":{"start":{"line":168,"column":4},"end":{"line":171,"column":4}}},"4":{"name":"minPriceDoesNotExceedLimit","line":175,"loc":{"start":{"line":175,"column":4},"end":{"line":186,"column":4}}},"5":{"name":"notNftSeller","line":188,"loc":{"start":{"line":188,"column":4},"end":{"line":195,"column":4}}},"6":{"name":"onlyNftSeller","line":196,"loc":{"start":{"line":196,"column":4},"end":{"line":203,"column":4}}},"7":{"name":"bidAmountMeetsBidRequirements","line":208,"loc":{"start":{"line":208,"column":4},"end":{"line":222,"column":4}}},"8":{"name":"onlyApplicableBuyer","line":224,"loc":{"start":{"line":224,"column":4},"end":{"line":236,"column":4}}},"9":{"name":"minimumBidNotMade","line":238,"loc":{"start":{"line":238,"column":4},"end":{"line":244,"column":4}}},"10":{"name":"paymentAccepted","line":250,"loc":{"start":{"line":250,"column":4},"end":{"line":266,"column":4}}},"11":{"name":"isAuctionOver","line":268,"loc":{"start":{"line":268,"column":4},"end":{"line":274,"column":4}}},"12":{"name":"notZeroAddress","line":276,"loc":{"start":{"line":276,"column":4},"end":{"line":279,"column":4}}},"13":{"name":"increasePercentageAboveMinimum","line":281,"loc":{"start":{"line":281,"column":4},"end":{"line":287,"column":4}}},"14":{"name":"isFeePercentagesLessThanMaximum","line":289,"loc":{"start":{"line":289,"column":4},"end":{"line":296,"column":4}}},"15":{"name":"correctFeeRecipientsAndPercentages","line":298,"loc":{"start":{"line":298,"column":4},"end":{"line":307,"column":4}}},"16":{"name":"isNotASale","line":309,"loc":{"start":{"line":309,"column":4},"end":{"line":315,"column":4}}},"17":{"name":"constructor","line":324,"loc":{"start":{"line":324,"column":4},"end":{"line":329,"column":4}}},"18":{"name":"_isAuctionOngoing","line":334,"loc":{"start":{"line":334,"column":4},"end":{"line":346,"column":4}}},"19":{"name":"_isABidMade","line":353,"loc":{"start":{"line":353,"column":4},"end":{"line":360,"column":4}}},"20":{"name":"_isMinimumBidMade","line":365,"loc":{"start":{"line":365,"column":4},"end":{"line":376,"column":4}}},"21":{"name":"_isBuyNowPriceMet","line":381,"loc":{"start":{"line":381,"column":4},"end":{"line":392,"column":4}}},"22":{"name":"_doesBidMeetBidRequirements","line":399,"loc":{"start":{"line":399,"column":4},"end":{"line":422,"column":4}}},"23":{"name":"_isASale","line":428,"loc":{"start":{"line":428,"column":4},"end":{"line":436,"column":4}}},"24":{"name":"_isWhitelistedSale","line":438,"loc":{"start":{"line":438,"column":4},"end":{"line":445,"column":4}}},"25":{"name":"_isHighestBidderAllowedToPurchaseNFT","line":452,"loc":{"start":{"line":452,"column":4},"end":{"line":459,"column":4}}},"26":{"name":"_isHighestBidderWhitelisted","line":461,"loc":{"start":{"line":461,"column":4},"end":{"line":469,"column":4}}},"27":{"name":"_isPaymentAccepted","line":478,"loc":{"start":{"line":478,"column":4},"end":{"line":498,"column":4}}},"28":{"name":"_isERC20Auction","line":500,"loc":{"start":{"line":500,"column":4},"end":{"line":506,"column":4}}},"29":{"name":"_getPortionOfBid","line":511,"loc":{"start":{"line":511,"column":4},"end":{"line":517,"column":4}}},"30":{"name":"_getBidIncreasePercentage","line":533,"loc":{"start":{"line":533,"column":4},"end":{"line":546,"column":4}}},"31":{"name":"_getAuctionBidPeriod","line":548,"loc":{"start":{"line":548,"column":4},"end":{"line":562,"column":4}}},"32":{"name":"_getNftRecipient","line":567,"loc":{"start":{"line":567,"column":4},"end":{"line":583,"column":4}}},"33":{"name":"_transferNftToAuctionContract","line":595,"loc":{"start":{"line":595,"column":4},"end":{"line":617,"column":4}}},"34":{"name":"_setupAuction","line":653,"loc":{"start":{"line":638,"column":4},"end":{"line":668,"column":4}}},"35":{"name":"_createNewNftAuction","line":670,"loc":{"start":{"line":670,"column":4},"end":{"line":702,"column":4}}},"36":{"name":"createDefaultNftAuction","line":719,"loc":{"start":{"line":708,"column":4},"end":{"line":730,"column":4}}},"37":{"name":"createNewNftAuction","line":746,"loc":{"start":{"line":732,"column":4},"end":{"line":761,"column":4}}},"38":{"name":"_setupSale","line":794,"loc":{"start":{"line":780,"column":4},"end":{"line":810,"column":4}}},"39":{"name":"createSale","line":823,"loc":{"start":{"line":812,"column":4},"end":{"line":867,"column":4}}},"40":{"name":"_makeBid","line":904,"loc":{"start":{"line":886,"column":4},"end":{"line":920,"column":4}}},"41":{"name":"makeBid","line":931,"loc":{"start":{"line":922,"column":4},"end":{"line":934,"column":4}}},"42":{"name":"makeCustomBid","line":947,"loc":{"start":{"line":936,"column":4},"end":{"line":952,"column":4}}},"43":{"name":"_updateOngoingAuction","line":969,"loc":{"start":{"line":969,"column":4},"end":{"line":983,"column":4}}},"44":{"name":"_updateAuctionEnd","line":985,"loc":{"start":{"line":985,"column":4},"end":{"line":997,"column":4}}},"45":{"name":"_resetAuction","line":1014,"loc":{"start":{"line":1014,"column":4},"end":{"line":1031,"column":4}}},"46":{"name":"_resetBids","line":1037,"loc":{"start":{"line":1037,"column":4},"end":{"line":1045,"column":4}}},"47":{"name":"_updateHighestBid","line":1061,"loc":{"start":{"line":1061,"column":4},"end":{"line":1083,"column":4}}},"48":{"name":"_reverseAndResetPreviousBid","line":1085,"loc":{"start":{"line":1085,"column":4},"end":{"line":1099,"column":4}}},"49":{"name":"_reversePreviousBidAndUpdateHighestBid","line":1101,"loc":{"start":{"line":1101,"column":4},"end":{"line":1123,"column":4}}},"50":{"name":"_transferNftAndPaySeller","line":1135,"loc":{"start":{"line":1135,"column":4},"end":{"line":1171,"column":4}}},"51":{"name":"_payFeesAndSeller","line":1173,"loc":{"start":{"line":1173,"column":4},"end":{"line":1208,"column":4}}},"52":{"name":"_payout","line":1210,"loc":{"start":{"line":1210,"column":4},"end":{"line":1234,"column":4}}},"53":{"name":"settleAuction","line":1248,"loc":{"start":{"line":1246,"column":4},"end":{"line":1252,"column":4}}},"54":{"name":"withdrawAuction","line":1254,"loc":{"start":{"line":1254,"column":4},"end":{"line":1264,"column":4}}},"55":{"name":"withdrawBid","line":1268,"loc":{"start":{"line":1266,"column":4},"end":{"line":1283,"column":4}}},"56":{"name":"updateWhitelistedBuyer","line":1299,"loc":{"start":{"line":1295,"column":4},"end":{"line":1329,"column":4}}},"57":{"name":"updateMinimumPrice","line":1344,"loc":{"start":{"line":1331,"column":4},"end":{"line":1355,"column":4}}},"58":{"name":"updateBuyNowPrice","line":1368,"loc":{"start":{"line":1357,"column":4},"end":{"line":1377,"column":4}}},"59":{"name":"takeHighestBid","line":1384,"loc":{"start":{"line":1382,"column":4},"end":{"line":1393,"column":4}}},"60":{"name":"ownerOfNFT","line":1398,"loc":{"start":{"line":1398,"column":4},"end":{"line":1408,"column":4}}},"61":{"name":"withdrawAllFailedCredits","line":1413,"loc":{"start":{"line":1413,"column":4},"end":{"line":1425,"column":4}}}},"statementMap":{"1":{"start":{"line":140,"column":8},"end":{"line":140,"column":4338}},"2":{"start":{"line":146,"column":8},"end":{"line":146,"column":4524}},"3":{"start":{"line":150,"column":12},"end":{"line":150,"column":4660}},"4":{"start":{"line":155,"column":12},"end":{"line":155,"column":55}},"5":{"start":{"line":161,"column":8},"end":{"line":161,"column":4982}},"6":{"start":{"line":169,"column":8},"end":{"line":169,"column":47}},"7":{"start":{"line":179,"column":8},"end":{"line":179,"column":5444}},"8":{"start":{"line":189,"column":8},"end":{"line":189,"column":5756}},"9":{"start":{"line":197,"column":8},"end":{"line":197,"column":6031}},"10":{"start":{"line":213,"column":8},"end":{"line":213,"column":6532}},"11":{"start":{"line":228,"column":8},"end":{"line":228,"column":6947}},"12":{"start":{"line":239,"column":8},"end":{"line":239,"column":7327}},"13":{"start":{"line":256,"column":8},"end":{"line":256,"column":7845}},"14":{"start":{"line":269,"column":8},"end":{"line":269,"column":8195}},"15":{"start":{"line":277,"column":8},"end":{"line":277,"column":66}},"16":{"start":{"line":282,"column":8},"end":{"line":282,"column":8567}},"17":{"start":{"line":290,"column":8},"end":{"line":290,"column":27}},"18":{"start":{"line":291,"column":8},"end":{"line":291,"column":8850}},"19":{"start":{"line":294,"column":8},"end":{"line":294,"column":71}},"20":{"start":{"line":302,"column":8},"end":{"line":302,"column":9215}},"21":{"start":{"line":310,"column":8},"end":{"line":310,"column":9435}},"22":{"start":{"line":339,"column":8},"end":{"line":339,"column":10338}},"23":{"start":{"line":344,"column":8},"end":{"line":344,"column":10646}},"24":{"start":{"line":358,"column":8},"end":{"line":358,"column":11122}},"25":{"start":{"line":370,"column":8},"end":{"line":370,"column":11483}},"26":{"start":{"line":372,"column":8},"end":{"line":372,"column":11590}},"27":{"start":{"line":386,"column":8},"end":{"line":386,"column":12008}},"28":{"start":{"line":388,"column":8},"end":{"line":388,"column":12116}},"29":{"start":{"line":404,"column":8},"end":{"line":404,"column":12701}},"30":{"start":{"line":407,"column":8},"end":{"line":407,"column":12855}},"31":{"start":{"line":411,"column":12},"end":{"line":411,"column":23}},"32":{"start":{"line":414,"column":8},"end":{"line":414,"column":13125}},"33":{"start":{"line":420,"column":8},"end":{"line":420,"column":13403}},"34":{"start":{"line":433,"column":8},"end":{"line":433,"column":13863}},"35":{"start":{"line":443,"column":8},"end":{"line":443,"column":14162}},"36":{"start":{"line":456,"column":8},"end":{"line":456,"column":14671}},"37":{"start":{"line":465,"column":8},"end":{"line":465,"column":14947}},"38":{"start":{"line":484,"column":8},"end":{"line":484,"column":15733}},"39":{"start":{"line":487,"column":8},"end":{"line":487,"column":15845}},"40":{"start":{"line":488,"column":12},"end":{"line":488,"column":15924}},"41":{"start":{"line":493,"column":12},"end":{"line":493,"column":16089}},"42":{"start":{"line":505,"column":8},"end":{"line":505,"column":47}},"43":{"start":{"line":516,"column":8},"end":{"line":516,"column":50}},"44":{"start":{"line":537,"column":8},"end":{"line":537,"column":17524}},"45":{"start":{"line":541,"column":8},"end":{"line":541,"column":17641}},"46":{"start":{"line":542,"column":12},"end":{"line":542,"column":47}},"47":{"start":{"line":544,"column":12},"end":{"line":544,"column":40}},"48":{"start":{"line":553,"column":8},"end":{"line":553,"column":17980}},"49":{"start":{"line":557,"column":8},"end":{"line":557,"column":18092}},"50":{"start":{"line":558,"column":12},"end":{"line":558,"column":42}},"51":{"start":{"line":560,"column":12},"end":{"line":560,"column":35}},"52":{"start":{"line":572,"column":8},"end":{"line":572,"column":18496}},"53":{"start":{"line":576,"column":8},"end":{"line":576,"column":18605}},"54":{"start":{"line":577,"column":12},"end":{"line":577,"column":18681}},"55":{"start":{"line":581,"column":12},"end":{"line":581,"column":31}},"56":{"start":{"line":599,"column":8},"end":{"line":599,"column":19359}},"57":{"start":{"line":601,"column":8},"end":{"line":601,"column":19451}},"58":{"start":{"line":602,"column":12},"end":{"line":602,"column":19536}},"59":{"start":{"line":607,"column":12},"end":{"line":607,"column":19695}},"60":{"start":{"line":612,"column":12},"end":{"line":612,"column":19872}},"61":{"start":{"line":655,"column":8},"end":{"line":655,"column":21338}},"62":{"start":{"line":680,"column":8},"end":{"line":680,"column":22340}},"63":{"start":{"line":689,"column":8},"end":{"line":689,"column":22569}},"64":{"start":{"line":701,"column":8},"end":{"line":701,"column":59}},"65":{"start":{"line":721,"column":8},"end":{"line":721,"column":23587}},"66":{"start":{"line":752,"column":8},"end":{"line":752,"column":24683}},"67":{"start":{"line":796,"column":8},"end":{"line":796,"column":26239}},"68":{"start":{"line":826,"column":8},"end":{"line":826,"column":27374}},"69":{"start":{"line":836,"column":8},"end":{"line":836,"column":27610}},"70":{"start":{"line":847,"column":8},"end":{"line":847,"column":27964}},"71":{"start":{"line":848,"column":12},"end":{"line":848,"column":28031}},"72":{"start":{"line":856,"column":16},"end":{"line":856,"column":28362}},"73":{"start":{"line":857,"column":20},"end":{"line":857,"column":28443}},"74":{"start":{"line":861,"column":20},"end":{"line":861,"column":74}},"75":{"start":{"line":864,"column":16},"end":{"line":864,"column":73}},"76":{"start":{"line":906,"column":8},"end":{"line":906,"column":30066}},"77":{"start":{"line":911,"column":8},"end":{"line":911,"column":30211}},"78":{"start":{"line":919,"column":8},"end":{"line":919,"column":59}},"79":{"start":{"line":933,"column":8},"end":{"line":933,"column":73}},"80":{"start":{"line":951,"column":8},"end":{"line":951,"column":73}},"81":{"start":{"line":973,"column":8},"end":{"line":973,"column":32224}},"82":{"start":{"line":974,"column":12},"end":{"line":974,"column":71}},"83":{"start":{"line":975,"column":12},"end":{"line":975,"column":66}},"84":{"start":{"line":976,"column":12},"end":{"line":976,"column":18}},"85":{"start":{"line":979,"column":8},"end":{"line":979,"column":32523}},"86":{"start":{"line":980,"column":12},"end":{"line":980,"column":71}},"87":{"start":{"line":981,"column":12},"end":{"line":981,"column":59}},"88":{"start":{"line":992,"column":8},"end":{"line":992,"column":33094}},"89":{"start":{"line":1066,"column":8},"end":{"line":1066,"column":35979}},"90":{"start":{"line":1069,"column":8},"end":{"line":1069,"column":36091}},"91":{"start":{"line":1070,"column":12},"end":{"line":1070,"column":36150}},"92":{"start":{"line":1089,"column":8},"end":{"line":1089,"column":36818}},"93":{"start":{"line":1093,"column":8},"end":{"line":1093,"column":36946}},"94":{"start":{"line":1096,"column":8},"end":{"line":1096,"column":48}},"95":{"start":{"line":1098,"column":8},"end":{"line":1098,"column":78}},"96":{"start":{"line":1106,"column":8},"end":{"line":1106,"column":37384}},"97":{"start":{"line":1110,"column":8},"end":{"line":1110,"column":37516}},"98":{"start":{"line":1113,"column":8},"end":{"line":1113,"column":69}},"99":{"start":{"line":1115,"column":8},"end":{"line":1115,"column":37703}},"100":{"start":{"line":1116,"column":12},"end":{"line":1116,"column":37762}},"101":{"start":{"line":1139,"column":8},"end":{"line":1139,"column":38457}},"102":{"start":{"line":1141,"column":8},"end":{"line":1141,"column":38567}},"103":{"start":{"line":1144,"column":8},"end":{"line":1144,"column":79}},"104":{"start":{"line":1145,"column":8},"end":{"line":1145,"column":38776}},"105":{"start":{"line":1148,"column":8},"end":{"line":1148,"column":48}},"106":{"start":{"line":1150,"column":8},"end":{"line":1150,"column":38939}},"107":{"start":{"line":1156,"column":8},"end":{"line":1156,"column":39089}},"108":{"start":{"line":1162,"column":8},"end":{"line":1162,"column":51}},"109":{"start":{"line":1163,"column":8},"end":{"line":1163,"column":39289}},"110":{"start":{"line":1179,"column":8},"end":{"line":1179,"column":24}},"111":{"start":{"line":1180,"column":8},"end":{"line":1180,"column":39723}},"112":{"start":{"line":1188,"column":12},"end":{"line":1188,"column":39944}},"113":{"start":{"line":1194,"column":12},"end":{"line":1194,"column":40182}},"114":{"start":{"line":1202,"column":8},"end":{"line":1202,"column":40417}},"115":{"start":{"line":1216,"column":8},"end":{"line":1216,"column":40748}},"116":{"start":{"line":1219,"column":8},"end":{"line":1219,"column":40860}},"117":{"start":{"line":1220,"column":12},"end":{"line":1220,"column":66}},"118":{"start":{"line":1223,"column":12},"end":{"line":1223,"column":41071}},"119":{"start":{"line":1228,"column":12},"end":{"line":1228,"column":41289}},"120":{"start":{"line":1250,"column":8},"end":{"line":1250,"column":62}},"121":{"start":{"line":1251,"column":8},"end":{"line":1251,"column":70}},"122":{"start":{"line":1258,"column":8},"end":{"line":1258,"column":42323}},"123":{"start":{"line":1262,"column":8},"end":{"line":1262,"column":51}},"124":{"start":{"line":1263,"column":8},"end":{"line":1263,"column":72}},"125":{"start":{"line":1270,"column":8},"end":{"line":1270,"column":42770}},"126":{"start":{"line":1273,"column":8},"end":{"line":1273,"column":71}},"127":{"start":{"line":1275,"column":8},"end":{"line":1275,"column":42973}},"128":{"start":{"line":1278,"column":8},"end":{"line":1278,"column":48}},"129":{"start":{"line":1280,"column":8},"end":{"line":1280,"column":78}},"130":{"start":{"line":1282,"column":8},"end":{"line":1282,"column":68}},"131":{"start":{"line":1300,"column":8},"end":{"line":1300,"column":69}},"132":{"start":{"line":1304,"column":8},"end":{"line":1304,"column":44152}},"133":{"start":{"line":1307,"column":8},"end":{"line":1307,"column":44278}},"134":{"start":{"line":1310,"column":8},"end":{"line":1310,"column":44386}},"135":{"start":{"line":1314,"column":12},"end":{"line":1314,"column":52}},"136":{"start":{"line":1316,"column":12},"end":{"line":1316,"column":44668}},"137":{"start":{"line":1324,"column":8},"end":{"line":1324,"column":44843}},"138":{"start":{"line":1349,"column":8},"end":{"line":1349,"column":77}},"139":{"start":{"line":1351,"column":8},"end":{"line":1351,"column":45695}},"140":{"start":{"line":1352,"column":12},"end":{"line":1352,"column":71}},"141":{"start":{"line":1353,"column":12},"end":{"line":1353,"column":59}},"142":{"start":{"line":1372,"column":8},"end":{"line":1372,"column":79}},"143":{"start":{"line":1373,"column":8},"end":{"line":1373,"column":46520}},"144":{"start":{"line":1374,"column":12},"end":{"line":1374,"column":71}},"145":{"start":{"line":1375,"column":12},"end":{"line":1375,"column":66}},"146":{"start":{"line":1386,"column":8},"end":{"line":1386,"column":47006}},"147":{"start":{"line":1390,"column":8},"end":{"line":1390,"column":67}},"148":{"start":{"line":1391,"column":8},"end":{"line":1391,"column":62}},"149":{"start":{"line":1392,"column":8},"end":{"line":1392,"column":59}},"150":{"start":{"line":1403,"column":8},"end":{"line":1403,"column":47561}},"151":{"start":{"line":1405,"column":8},"end":{"line":1405,"column":60}},"152":{"start":{"line":1407,"column":8},"end":{"line":1407,"column":24}},"153":{"start":{"line":1414,"column":8},"end":{"line":1414,"column":58}},"154":{"start":{"line":1416,"column":8},"end":{"line":1416,"column":53}},"155":{"start":{"line":1420,"column":8},"end":{"line":1420,"column":48096}},"156":{"start":{"line":1424,"column":8},"end":{"line":1424,"column":53}}},"branchMap":{"1":{"line":140,"type":"if","locations":[{"start":{"line":140,"column":8},"end":{"line":140,"column":8}},{"start":{"line":140,"column":8},"end":{"line":140,"column":8}}]},"2":{"line":146,"type":"if","locations":[{"start":{"line":146,"column":8},"end":{"line":146,"column":8}},{"start":{"line":146,"column":8},"end":{"line":146,"column":8}}]},"3":{"line":150,"type":"if","locations":[{"start":{"line":150,"column":12},"end":{"line":150,"column":12}},{"start":{"line":150,"column":12},"end":{"line":150,"column":12}}]},"4":{"line":161,"type":"if","locations":[{"start":{"line":161,"column":8},"end":{"line":161,"column":8}},{"start":{"line":161,"column":8},"end":{"line":161,"column":8}}]},"5":{"line":169,"type":"if","locations":[{"start":{"line":169,"column":8},"end":{"line":169,"column":8}},{"start":{"line":169,"column":8},"end":{"line":169,"column":8}}]},"6":{"line":179,"type":"if","locations":[{"start":{"line":179,"column":8},"end":{"line":179,"column":8}},{"start":{"line":179,"column":8},"end":{"line":179,"column":8}}]},"7":{"line":180,"type":"cond-expr","locations":[{"start":{"line":180,"column":12},"end":{"line":180,"column":28}},{"start":{"line":181,"column":16},"end":{"line":182,"column":24}}]},"8":{"line":189,"type":"if","locations":[{"start":{"line":189,"column":8},"end":{"line":189,"column":8}},{"start":{"line":189,"column":8},"end":{"line":189,"column":8}}]},"9":{"line":197,"type":"if","locations":[{"start":{"line":197,"column":8},"end":{"line":197,"column":8}},{"start":{"line":197,"column":8},"end":{"line":197,"column":8}}]},"10":{"line":213,"type":"if","locations":[{"start":{"line":213,"column":8},"end":{"line":213,"column":8}},{"start":{"line":213,"column":8},"end":{"line":213,"column":8}}]},"11":{"line":228,"type":"if","locations":[{"start":{"line":228,"column":8},"end":{"line":228,"column":8}},{"start":{"line":228,"column":8},"end":{"line":228,"column":8}}]},"12":{"line":229,"type":"cond-expr","locations":[{"start":{"line":229,"column":12},"end":{"line":229,"column":61}},{"start":{"line":230,"column":16},"end":{"line":232,"column":25}}]},"13":{"line":239,"type":"if","locations":[{"start":{"line":239,"column":8},"end":{"line":239,"column":8}},{"start":{"line":239,"column":8},"end":{"line":239,"column":8}}]},"14":{"line":256,"type":"if","locations":[{"start":{"line":256,"column":8},"end":{"line":256,"column":8}},{"start":{"line":256,"column":8},"end":{"line":256,"column":8}}]},"15":{"line":269,"type":"if","locations":[{"start":{"line":269,"column":8},"end":{"line":269,"column":8}},{"start":{"line":269,"column":8},"end":{"line":269,"column":8}}]},"16":{"line":277,"type":"if","locations":[{"start":{"line":277,"column":8},"end":{"line":277,"column":8}},{"start":{"line":277,"column":8},"end":{"line":277,"column":8}}]},"17":{"line":282,"type":"if","locations":[{"start":{"line":282,"column":8},"end":{"line":282,"column":8}},{"start":{"line":282,"column":8},"end":{"line":282,"column":8}}]},"18":{"line":294,"type":"if","locations":[{"start":{"line":294,"column":8},"end":{"line":294,"column":8}},{"start":{"line":294,"column":8},"end":{"line":294,"column":8}}]},"19":{"line":302,"type":"if","locations":[{"start":{"line":302,"column":8},"end":{"line":302,"column":8}},{"start":{"line":302,"column":8},"end":{"line":302,"column":8}}]},"20":{"line":310,"type":"if","locations":[{"start":{"line":310,"column":8},"end":{"line":310,"column":8}},{"start":{"line":310,"column":8},"end":{"line":310,"column":8}}]},"21":{"line":344,"type":"cond-expr","locations":[{"start":{"line":344,"column":16},"end":{"line":344,"column":39}},{"start":{"line":345,"column":12},"end":{"line":345,"column":48}}]},"22":{"line":407,"type":"if","locations":[{"start":{"line":407,"column":8},"end":{"line":407,"column":8}},{"start":{"line":407,"column":8},"end":{"line":407,"column":8}}]},"23":{"line":409,"type":"cond-expr","locations":[{"start":{"line":409,"column":13},"end":{"line":409,"column":36}},{"start":{"line":409,"column":41},"end":{"line":409,"column":67}}]},"24":{"line":420,"type":"cond-expr","locations":[{"start":{"line":420,"column":16},"end":{"line":420,"column":45}},{"start":{"line":421,"column":12},"end":{"line":421,"column":44}}]},"25":{"line":457,"type":"cond-expr","locations":[{"start":{"line":457,"column":12},"end":{"line":457,"column":63}},{"start":{"line":458,"column":12},"end":{"line":458,"column":69}}]},"26":{"line":487,"type":"if","locations":[{"start":{"line":487,"column":8},"end":{"line":487,"column":8}},{"start":{"line":487,"column":8},"end":{"line":487,"column":8}}]},"27":{"line":541,"type":"if","locations":[{"start":{"line":541,"column":8},"end":{"line":541,"column":8}},{"start":{"line":541,"column":8},"end":{"line":541,"column":8}}]},"28":{"line":557,"type":"if","locations":[{"start":{"line":557,"column":8},"end":{"line":557,"column":8}},{"start":{"line":557,"column":8},"end":{"line":557,"column":8}}]},"29":{"line":576,"type":"if","locations":[{"start":{"line":576,"column":8},"end":{"line":576,"column":8}},{"start":{"line":576,"column":8},"end":{"line":576,"column":8}}]},"30":{"line":601,"type":"if","locations":[{"start":{"line":601,"column":8},"end":{"line":601,"column":8}},{"start":{"line":601,"column":8},"end":{"line":601,"column":8}}]},"31":{"line":607,"type":"if","locations":[{"start":{"line":607,"column":12},"end":{"line":607,"column":12}},{"start":{"line":607,"column":12},"end":{"line":607,"column":12}}]},"32":{"line":612,"type":"if","locations":[{"start":{"line":612,"column":12},"end":{"line":612,"column":12}},{"start":{"line":612,"column":12},"end":{"line":612,"column":12}}]},"33":{"line":648,"type":"if","locations":[{"start":{"line":648,"column":8},"end":{"line":648,"column":8}},{"start":{"line":648,"column":8},"end":{"line":648,"column":8}}]},"34":{"line":649,"type":"if","locations":[{"start":{"line":649,"column":8},"end":{"line":649,"column":8}},{"start":{"line":649,"column":8},"end":{"line":649,"column":8}}]},"35":{"line":653,"type":"if","locations":[{"start":{"line":653,"column":8},"end":{"line":653,"column":8}},{"start":{"line":653,"column":8},"end":{"line":653,"column":8}}]},"36":{"line":655,"type":"if","locations":[{"start":{"line":655,"column":8},"end":{"line":655,"column":8}},{"start":{"line":655,"column":8},"end":{"line":655,"column":8}}]},"37":{"line":718,"type":"if","locations":[{"start":{"line":718,"column":8},"end":{"line":718,"column":8}},{"start":{"line":718,"column":8},"end":{"line":718,"column":8}}]},"38":{"line":719,"type":"if","locations":[{"start":{"line":719,"column":8},"end":{"line":719,"column":8}},{"start":{"line":719,"column":8},"end":{"line":719,"column":8}}]},"39":{"line":744,"type":"if","locations":[{"start":{"line":744,"column":8},"end":{"line":744,"column":8}},{"start":{"line":744,"column":8},"end":{"line":744,"column":8}}]},"40":{"line":745,"type":"if","locations":[{"start":{"line":745,"column":8},"end":{"line":745,"column":8}},{"start":{"line":745,"column":8},"end":{"line":745,"column":8}}]},"41":{"line":746,"type":"if","locations":[{"start":{"line":746,"column":8},"end":{"line":746,"column":8}},{"start":{"line":746,"column":8},"end":{"line":746,"column":8}}]},"42":{"line":790,"type":"if","locations":[{"start":{"line":790,"column":8},"end":{"line":790,"column":8}},{"start":{"line":790,"column":8},"end":{"line":790,"column":8}}]},"43":{"line":794,"type":"if","locations":[{"start":{"line":794,"column":8},"end":{"line":794,"column":8}},{"start":{"line":794,"column":8},"end":{"line":794,"column":8}}]},"44":{"line":796,"type":"if","locations":[{"start":{"line":796,"column":8},"end":{"line":796,"column":8}},{"start":{"line":796,"column":8},"end":{"line":796,"column":8}}]},"45":{"line":822,"type":"if","locations":[{"start":{"line":822,"column":8},"end":{"line":822,"column":8}},{"start":{"line":822,"column":8},"end":{"line":822,"column":8}}]},"46":{"line":823,"type":"if","locations":[{"start":{"line":823,"column":8},"end":{"line":823,"column":8}},{"start":{"line":823,"column":8},"end":{"line":823,"column":8}}]},"47":{"line":847,"type":"if","locations":[{"start":{"line":847,"column":8},"end":{"line":847,"column":8}},{"start":{"line":847,"column":8},"end":{"line":847,"column":8}}]},"48":{"line":848,"type":"if","locations":[{"start":{"line":848,"column":12},"end":{"line":848,"column":12}},{"start":{"line":848,"column":12},"end":{"line":848,"column":12}}]},"49":{"line":856,"type":"if","locations":[{"start":{"line":856,"column":16},"end":{"line":856,"column":16}},{"start":{"line":856,"column":16},"end":{"line":856,"column":16}}]},"50":{"line":893,"type":"if","locations":[{"start":{"line":893,"column":8},"end":{"line":893,"column":8}},{"start":{"line":893,"column":8},"end":{"line":893,"column":8}}]},"51":{"line":894,"type":"if","locations":[{"start":{"line":894,"column":8},"end":{"line":894,"column":8}},{"start":{"line":894,"column":8},"end":{"line":894,"column":8}}]},"52":{"line":900,"type":"if","locations":[{"start":{"line":900,"column":8},"end":{"line":900,"column":8}},{"start":{"line":900,"column":8},"end":{"line":900,"column":8}}]},"53":{"line":930,"type":"if","locations":[{"start":{"line":930,"column":8},"end":{"line":930,"column":8}},{"start":{"line":930,"column":8},"end":{"line":930,"column":8}}]},"54":{"line":931,"type":"if","locations":[{"start":{"line":931,"column":8},"end":{"line":931,"column":8}},{"start":{"line":931,"column":8},"end":{"line":931,"column":8}}]},"55":{"line":945,"type":"if","locations":[{"start":{"line":945,"column":8},"end":{"line":945,"column":8}},{"start":{"line":945,"column":8},"end":{"line":945,"column":8}}]},"56":{"line":946,"type":"if","locations":[{"start":{"line":946,"column":8},"end":{"line":946,"column":8}},{"start":{"line":946,"column":8},"end":{"line":946,"column":8}}]},"57":{"line":947,"type":"if","locations":[{"start":{"line":947,"column":8},"end":{"line":947,"column":8}},{"start":{"line":947,"column":8},"end":{"line":947,"column":8}}]},"58":{"line":973,"type":"if","locations":[{"start":{"line":973,"column":8},"end":{"line":973,"column":8}},{"start":{"line":973,"column":8},"end":{"line":973,"column":8}}]},"59":{"line":979,"type":"if","locations":[{"start":{"line":979,"column":8},"end":{"line":979,"column":8}},{"start":{"line":979,"column":8},"end":{"line":979,"column":8}}]},"60":{"line":1069,"type":"if","locations":[{"start":{"line":1069,"column":8},"end":{"line":1069,"column":8}},{"start":{"line":1069,"column":8},"end":{"line":1069,"column":8}}]},"61":{"line":1115,"type":"if","locations":[{"start":{"line":1115,"column":8},"end":{"line":1115,"column":8}},{"start":{"line":1115,"column":8},"end":{"line":1115,"column":8}}]},"62":{"line":1219,"type":"if","locations":[{"start":{"line":1219,"column":8},"end":{"line":1219,"column":8}},{"start":{"line":1219,"column":8},"end":{"line":1219,"column":8}}]},"63":{"line":1228,"type":"if","locations":[{"start":{"line":1228,"column":12},"end":{"line":1228,"column":12}},{"start":{"line":1228,"column":12},"end":{"line":1228,"column":12}}]},"64":{"line":1248,"type":"if","locations":[{"start":{"line":1248,"column":8},"end":{"line":1248,"column":8}},{"start":{"line":1248,"column":8},"end":{"line":1248,"column":8}}]},"65":{"line":1258,"type":"if","locations":[{"start":{"line":1258,"column":8},"end":{"line":1258,"column":8}},{"start":{"line":1258,"column":8},"end":{"line":1258,"column":8}}]},"66":{"line":1268,"type":"if","locations":[{"start":{"line":1268,"column":8},"end":{"line":1268,"column":8}},{"start":{"line":1268,"column":8},"end":{"line":1268,"column":8}}]},"67":{"line":1273,"type":"if","locations":[{"start":{"line":1273,"column":8},"end":{"line":1273,"column":8}},{"start":{"line":1273,"column":8},"end":{"line":1273,"column":8}}]},"68":{"line":1299,"type":"if","locations":[{"start":{"line":1299,"column":15},"end":{"line":1299,"column":15}},{"start":{"line":1299,"column":15},"end":{"line":1299,"column":15}}]},"69":{"line":1300,"type":"if","locations":[{"start":{"line":1300,"column":8},"end":{"line":1300,"column":8}},{"start":{"line":1300,"column":8},"end":{"line":1300,"column":8}}]},"70":{"line":1310,"type":"if","locations":[{"start":{"line":1310,"column":8},"end":{"line":1310,"column":8}},{"start":{"line":1310,"column":8},"end":{"line":1310,"column":8}}]},"71":{"line":1337,"type":"if","locations":[{"start":{"line":1337,"column":8},"end":{"line":1337,"column":8}},{"start":{"line":1337,"column":8},"end":{"line":1337,"column":8}}]},"72":{"line":1338,"type":"if","locations":[{"start":{"line":1338,"column":8},"end":{"line":1338,"column":8}},{"start":{"line":1338,"column":8},"end":{"line":1338,"column":8}}]},"73":{"line":1339,"type":"if","locations":[{"start":{"line":1339,"column":8},"end":{"line":1339,"column":8}},{"start":{"line":1339,"column":8},"end":{"line":1339,"column":8}}]},"74":{"line":1340,"type":"if","locations":[{"start":{"line":1340,"column":8},"end":{"line":1340,"column":8}},{"start":{"line":1340,"column":8},"end":{"line":1340,"column":8}}]},"75":{"line":1341,"type":"if","locations":[{"start":{"line":1341,"column":8},"end":{"line":1341,"column":8}},{"start":{"line":1341,"column":8},"end":{"line":1341,"column":8}}]},"76":{"line":1351,"type":"if","locations":[{"start":{"line":1351,"column":8},"end":{"line":1351,"column":8}},{"start":{"line":1351,"column":8},"end":{"line":1351,"column":8}}]},"77":{"line":1363,"type":"if","locations":[{"start":{"line":1363,"column":8},"end":{"line":1363,"column":8}},{"start":{"line":1363,"column":8},"end":{"line":1363,"column":8}}]},"78":{"line":1364,"type":"if","locations":[{"start":{"line":1364,"column":8},"end":{"line":1364,"column":8}},{"start":{"line":1364,"column":8},"end":{"line":1364,"column":8}}]},"79":{"line":1365,"type":"if","locations":[{"start":{"line":1365,"column":8},"end":{"line":1365,"column":8}},{"start":{"line":1365,"column":8},"end":{"line":1365,"column":8}}]},"80":{"line":1373,"type":"if","locations":[{"start":{"line":1373,"column":8},"end":{"line":1373,"column":8}},{"start":{"line":1373,"column":8},"end":{"line":1373,"column":8}}]},"81":{"line":1384,"type":"if","locations":[{"start":{"line":1384,"column":8},"end":{"line":1384,"column":8}},{"start":{"line":1384,"column":8},"end":{"line":1384,"column":8}}]},"82":{"line":1386,"type":"if","locations":[{"start":{"line":1386,"column":8},"end":{"line":1386,"column":8}},{"start":{"line":1386,"column":8},"end":{"line":1386,"column":8}}]},"83":{"line":1405,"type":"if","locations":[{"start":{"line":1405,"column":8},"end":{"line":1405,"column":8}},{"start":{"line":1405,"column":8},"end":{"line":1405,"column":8}}]},"84":{"line":1416,"type":"if","locations":[{"start":{"line":1416,"column":8},"end":{"line":1416,"column":8}},{"start":{"line":1416,"column":8},"end":{"line":1416,"column":8}}]},"85":{"line":1424,"type":"if","locations":[{"start":{"line":1424,"column":8},"end":{"line":1424,"column":8}},{"start":{"line":1424,"column":8},"end":{"line":1424,"column":8}}]}}},"contracts\\NftMarketplace.sol":{"l":{"50":13,"51":13,"52":1,"54":12,"58":9,"59":9,"60":3,"62":6,"70":17,"71":17,"72":17,"73":3,"75":14,"88":11,"89":0,"91":11,"92":11,"93":1,"95":10,"96":10,"105":1,"106":1,"117":3,"118":3,"119":1,"121":2,"123":2,"124":2,"125":2,"140":1,"141":0,"143":1,"144":1,"151":2,"152":2,"153":1,"155":1,"156":1,"157":1,"167":3,"171":2},"path":"D:\\University of Moratuwa\\semester5\\SEM 5 online\\Software Engineering Project\\NFT_Marketplace\\smartcontracts\\contracts\\NftMarketplace.sol","s":{"1":13,"2":13,"3":9,"4":9,"5":17,"6":17,"7":17,"8":11,"9":11,"10":11,"11":10,"12":1,"13":3,"14":3,"15":2,"16":2,"17":1,"18":1,"19":2,"20":2,"21":1,"22":1,"23":3,"24":2},"b":{"1":[1,12],"2":[3,6],"3":[3,14],"4":[12,1],"5":[11,1],"6":[0,11],"7":[1,10],"8":[2,1],"9":[1,1],"10":[3,1],"11":[3,0],"12":[1,2],"13":[2,1],"14":[2,0],"15":[1,1],"16":[0,1],"17":[1,1],"18":[1,0]},"f":{"1":13,"2":9,"3":17,"4":11,"5":1,"6":3,"7":1,"8":2,"9":3,"10":2},"fnMap":{"1":{"name":"notListed","line":45,"loc":{"start":{"line":45,"column":4},"end":{"line":55,"column":4}}},"2":{"name":"isListed","line":57,"loc":{"start":{"line":57,"column":4},"end":{"line":63,"column":4}}},"3":{"name":"isOwner","line":65,"loc":{"start":{"line":65,"column":4},"end":{"line":76,"column":4}}},"4":{"name":"listItem","line":86,"loc":{"start":{"line":79,"column":4},"end":{"line":97,"column":4}}},"5":{"name":"cancelListing","line":103,"loc":{"start":{"line":100,"column":4},"end":{"line":107,"column":4}}},"6":{"name":"buyItem","line":114,"loc":{"start":{"line":110,"column":4},"end":{"line":126,"column":4}}},"7":{"name":"updateListing","line":137,"loc":{"start":{"line":129,"column":4},"end":{"line":145,"column":4}}},"8":{"name":"withdrawProceeds","line":150,"loc":{"start":{"line":150,"column":4},"end":{"line":158,"column":4}}},"9":{"name":"getListing","line":162,"loc":{"start":{"line":162,"column":4},"end":{"line":168,"column":4}}},"10":{"name":"getProceeds","line":170,"loc":{"start":{"line":170,"column":4},"end":{"line":172,"column":4}}}},"statementMap":{"1":{"start":{"line":50,"column":8},"end":{"line":50,"column":64}},"2":{"start":{"line":51,"column":8},"end":{"line":51,"column":1398}},"3":{"start":{"line":58,"column":8},"end":{"line":58,"column":64}},"4":{"start":{"line":59,"column":8},"end":{"line":59,"column":1641}},"5":{"start":{"line":70,"column":8},"end":{"line":70,"column":41}},"6":{"start":{"line":71,"column":8},"end":{"line":71,"column":44}},"7":{"start":{"line":72,"column":8},"end":{"line":72,"column":1950}},"8":{"start":{"line":88,"column":8},"end":{"line":88,"column":2271}},"9":{"start":{"line":91,"column":8},"end":{"line":91,"column":41}},"10":{"start":{"line":92,"column":8},"end":{"line":92,"column":2393}},"11":{"start":{"line":96,"column":8},"end":{"line":96,"column":63}},"12":{"start":{"line":106,"column":8},"end":{"line":106,"column":58}},"13":{"start":{"line":117,"column":8},"end":{"line":117,"column":67}},"14":{"start":{"line":118,"column":8},"end":{"line":118,"column":3176}},"15":{"start":{"line":124,"column":8},"end":{"line":124,"column":83}},"16":{"start":{"line":125,"column":8},"end":{"line":125,"column":74}},"17":{"start":{"line":140,"column":8},"end":{"line":140,"column":3938}},"18":{"start":{"line":144,"column":8},"end":{"line":144,"column":66}},"19":{"start":{"line":151,"column":8},"end":{"line":151,"column":49}},"20":{"start":{"line":152,"column":8},"end":{"line":152,"column":4320}},"21":{"start":{"line":156,"column":8},"end":{"line":156,"column":72}},"22":{"start":{"line":157,"column":8},"end":{"line":157,"column":42}},"23":{"start":{"line":167,"column":8},"end":{"line":167,"column":46}},"24":{"start":{"line":171,"column":8},"end":{"line":171,"column":33}}},"branchMap":{"1":{"line":51,"type":"if","locations":[{"start":{"line":51,"column":8},"end":{"line":51,"column":8}},{"start":{"line":51,"column":8},"end":{"line":51,"column":8}}]},"2":{"line":59,"type":"if","locations":[{"start":{"line":59,"column":8},"end":{"line":59,"column":8}},{"start":{"line":59,"column":8},"end":{"line":59,"column":8}}]},"3":{"line":72,"type":"if","locations":[{"start":{"line":72,"column":8},"end":{"line":72,"column":8}},{"start":{"line":72,"column":8},"end":{"line":72,"column":8}}]},"4":{"line":85,"type":"if","locations":[{"start":{"line":85,"column":8},"end":{"line":85,"column":8}},{"start":{"line":85,"column":8},"end":{"line":85,"column":8}}]},"5":{"line":86,"type":"if","locations":[{"start":{"line":86,"column":8},"end":{"line":86,"column":8}},{"start":{"line":86,"column":8},"end":{"line":86,"column":8}}]},"6":{"line":88,"type":"if","locations":[{"start":{"line":88,"column":8},"end":{"line":88,"column":8}},{"start":{"line":88,"column":8},"end":{"line":88,"column":8}}]},"7":{"line":92,"type":"if","locations":[{"start":{"line":92,"column":8},"end":{"line":92,"column":8}},{"start":{"line":92,"column":8},"end":{"line":92,"column":8}}]},"8":{"line":102,"type":"if","locations":[{"start":{"line":102,"column":8},"end":{"line":102,"column":8}},{"start":{"line":102,"column":8},"end":{"line":102,"column":8}}]},"9":{"line":103,"type":"if","locations":[{"start":{"line":103,"column":8},"end":{"line":103,"column":8}},{"start":{"line":103,"column":8},"end":{"line":103,"column":8}}]},"10":{"line":113,"type":"if","locations":[{"start":{"line":113,"column":8},"end":{"line":113,"column":8}},{"start":{"line":113,"column":8},"end":{"line":113,"column":8}}]},"11":{"line":114,"type":"if","locations":[{"start":{"line":114,"column":8},"end":{"line":114,"column":8}},{"start":{"line":114,"column":8},"end":{"line":114,"column":8}}]},"12":{"line":118,"type":"if","locations":[{"start":{"line":118,"column":8},"end":{"line":118,"column":8}},{"start":{"line":118,"column":8},"end":{"line":118,"column":8}}]},"13":{"line":135,"type":"if","locations":[{"start":{"line":135,"column":8},"end":{"line":135,"column":8}},{"start":{"line":135,"column":8},"end":{"line":135,"column":8}}]},"14":{"line":136,"type":"if","locations":[{"start":{"line":136,"column":8},"end":{"line":136,"column":8}},{"start":{"line":136,"column":8},"end":{"line":136,"column":8}}]},"15":{"line":137,"type":"if","locations":[{"start":{"line":137,"column":8},"end":{"line":137,"column":8}},{"start":{"line":137,"column":8},"end":{"line":137,"column":8}}]},"16":{"line":140,"type":"if","locations":[{"start":{"line":140,"column":8},"end":{"line":140,"column":8}},{"start":{"line":140,"column":8},"end":{"line":140,"column":8}}]},"17":{"line":152,"type":"if","locations":[{"start":{"line":152,"column":8},"end":{"line":152,"column":8}},{"start":{"line":152,"column":8},"end":{"line":152,"column":8}}]},"18":{"line":157,"type":"if","locations":[{"start":{"line":157,"column":8},"end":{"line":157,"column":8}},{"start":{"line":157,"column":8},"end":{"line":157,"column":8}}]}}},"contracts\\sublesson\\ReentrantVulnerable.sol":{"l":{"37":0,"41":0,"42":0,"44":0,"45":0,"47":0,"52":0,"60":0,"65":0,"66":0,"71":0,"72":0,"73":0,"78":0},"path":"D:\\University of Moratuwa\\semester5\\SEM 5 online\\Software Engineering Project\\NFT_Marketplace\\smartcontracts\\contracts\\sublesson\\ReentrantVulnerable.sol","s":{"1":0,"2":0,"3":0,"4":0,"5":0,"6":0,"7":0,"8":0,"9":0,"10":0,"11":0},"b":{"1":[0,0],"2":[0,0],"3":[0,0],"4":[0,0]},"f":{"1":0,"2":0,"3":0,"4":0,"5":0,"6":0,"7":0},"fnMap":{"1":{"name":"deposit","line":36,"loc":{"start":{"line":36,"column":4},"end":{"line":38,"column":4}}},"2":{"name":"withdraw","line":40,"loc":{"start":{"line":40,"column":4},"end":{"line":48,"column":4}}},"3":{"name":"getBalance","line":51,"loc":{"start":{"line":51,"column":4},"end":{"line":53,"column":4}}},"4":{"name":"constructor","line":59,"loc":{"start":{"line":59,"column":4},"end":{"line":61,"column":4}}},"5":{"name":null,"line":64,"loc":{"start":{"line":64,"column":4},"end":{"line":68,"column":4}}},"6":{"name":"attack","line":70,"loc":{"start":{"line":70,"column":4},"end":{"line":74,"column":4}}},"7":{"name":"getBalance","line":77,"loc":{"start":{"line":77,"column":4},"end":{"line":79,"column":4}}}},"statementMap":{"1":{"start":{"line":41,"column":8},"end":{"line":41,"column":42}},"2":{"start":{"line":42,"column":8},"end":{"line":42,"column":23}},"3":{"start":{"line":44,"column":8},"end":{"line":44,"column":55}},"4":{"start":{"line":45,"column":8},"end":{"line":45,"column":44}},"5":{"start":{"line":52,"column":8},"end":{"line":52,"column":36}},"6":{"start":{"line":65,"column":8},"end":{"line":65,"column":1966}},"7":{"start":{"line":66,"column":12},"end":{"line":66,"column":41}},"8":{"start":{"line":71,"column":8},"end":{"line":71,"column":36}},"9":{"start":{"line":72,"column":8},"end":{"line":72,"column":52}},"10":{"start":{"line":73,"column":8},"end":{"line":73,"column":37}},"11":{"start":{"line":78,"column":8},"end":{"line":78,"column":36}}},"branchMap":{"1":{"line":42,"type":"if","locations":[{"start":{"line":42,"column":8},"end":{"line":42,"column":8}},{"start":{"line":42,"column":8},"end":{"line":42,"column":8}}]},"2":{"line":45,"type":"if","locations":[{"start":{"line":45,"column":8},"end":{"line":45,"column":8}},{"start":{"line":45,"column":8},"end":{"line":45,"column":8}}]},"3":{"line":65,"type":"if","locations":[{"start":{"line":65,"column":8},"end":{"line":65,"column":8}},{"start":{"line":65,"column":8},"end":{"line":65,"column":8}}]},"4":{"line":71,"type":"if","locations":[{"start":{"line":71,"column":8},"end":{"line":71,"column":8}},{"start":{"line":71,"column":8},"end":{"line":71,"column":8}}]}}},"contracts\\test\\BasicNft.sol":{"l":{"14":3,"18":15,"19":15,"20":15,"24":0,"25":0,"29":0},"path":"D:\\University of Moratuwa\\semester5\\SEM 5 online\\Software Engineering Project\\NFT_Marketplace\\smartcontracts\\contracts\\test\\BasicNft.sol","s":{"1":15,"2":15,"3":0,"4":0,"5":0},"b":{"1":[0,0]},"f":{"1":3,"2":15,"3":0,"4":0},"fnMap":{"1":{"name":"constructor","line":13,"loc":{"start":{"line":13,"column":4},"end":{"line":15,"column":4}}},"2":{"name":"mintNft","line":17,"loc":{"start":{"line":17,"column":4},"end":{"line":21,"column":4}}},"3":{"name":"tokenURI","line":23,"loc":{"start":{"line":23,"column":4},"end":{"line":26,"column":4}}},"4":{"name":"getTokenCounter","line":28,"loc":{"start":{"line":28,"column":4},"end":{"line":30,"column":4}}}},"statementMap":{"1":{"start":{"line":18,"column":8},"end":{"line":18,"column":44}},"2":{"start":{"line":19,"column":8},"end":{"line":19,"column":38}},"3":{"start":{"line":24,"column":8},"end":{"line":24,"column":83}},"4":{"start":{"line":25,"column":8},"end":{"line":25,"column":24}},"5":{"start":{"line":29,"column":8},"end":{"line":29,"column":29}}},"branchMap":{"1":{"line":24,"type":"if","locations":[{"start":{"line":24,"column":8},"end":{"line":24,"column":8}},{"start":{"line":24,"column":8},"end":{"line":24,"column":8}}]}}},"contracts\\test\\BasicNftTwo.sol":{"l":{"13":3,"17":0,"18":0,"19":0,"23":0,"24":0,"28":0},"path":"D:\\University of Moratuwa\\semester5\\SEM 5 online\\Software Engineering Project\\NFT_Marketplace\\smartcontracts\\contracts\\test\\BasicNftTwo.sol","s":{"1":0,"2":0,"3":0,"4":0,"5":0},"b":{"1":[0,0]},"f":{"1":3,"2":0,"3":0,"4":0},"fnMap":{"1":{"name":"constructor","line":12,"loc":{"start":{"line":12,"column":4},"end":{"line":14,"column":4}}},"2":{"name":"mintNft","line":16,"loc":{"start":{"line":16,"column":4},"end":{"line":20,"column":4}}},"3":{"name":"tokenURI","line":22,"loc":{"start":{"line":22,"column":4},"end":{"line":25,"column":4}}},"4":{"name":"getTokenCounter","line":27,"loc":{"start":{"line":27,"column":4},"end":{"line":29,"column":4}}}},"statementMap":{"1":{"start":{"line":17,"column":8},"end":{"line":17,"column":44}},"2":{"start":{"line":18,"column":8},"end":{"line":18,"column":38}},"3":{"start":{"line":23,"column":8},"end":{"line":23,"column":83}},"4":{"start":{"line":24,"column":8},"end":{"line":24,"column":24}},"5":{"start":{"line":28,"column":8},"end":{"line":28,"column":29}}},"branchMap":{"1":{"line":23,"type":"if","locations":[{"start":{"line":23,"column":8},"end":{"line":23,"column":8}},{"start":{"line":23,"column":8},"end":{"line":23,"column":8}}]}}}}